# JRE version: OpenJDK Runtime Environment (11.0.10) (build 11.0.10+0-b96-7249189)
# Java VM: OpenJDK 64-Bit Server VM (11.0.10+0-b96-7249189, mixed mode, tiered, compressed oops, g1 gc, windows-amd64)
Heap:
 garbage-first heap   total 260096K, used 149295K [0x0000000080000000, 0x0000000100000000)
  region size 1024K, 64 young (65536K), 6 survivors (6144K)
 Metaspace       used 97226K, capacity 99749K, committed 99916K, reserved 1136640K
  class space    used 12199K, capacity 13100K, committed 13132K, reserved 1048576K
GC Heap History (20 events):
Event: 7.497 GC heap before
{Heap before GC invocations=4 (full 0):
 garbage-first heap   total 260096K, used 93358K [0x0000000080000000, 0x0000000100000000)
  region size 1024K, 76 young (77824K), 2 survivors (2048K)
 Metaspace       used 35043K, capacity 35830K, committed 35840K, reserved 1081344K
  class space    used 4544K, capacity 4864K, committed 4864K, reserved 1048576K
}
Event: 7.508 GC heap after
{Heap after GC invocations=5 (full 0):
 garbage-first heap   total 260096K, used 22487K [0x0000000080000000, 0x0000000100000000)
  region size 1024K, 6 young (6144K), 6 survivors (6144K)
 Metaspace       used 35043K, capacity 35830K, committed 35840K, reserved 1081344K
  class space    used 4544K, capacity 4864K, committed 4864K, reserved 1048576K
}
Event: 9.612 GC heap before
{Heap before GC invocations=6 (full 0):
 garbage-first heap   total 260096K, used 132055K [0x0000000080000000, 0x0000000100000000)
  region size 1024K, 110 young (112640K), 6 survivors (6144K)
 Metaspace       used 43674K, capacity 44764K, committed 44876K, reserved 1087488K
  class space    used 5590K, capacity 5935K, committed 5964K, reserved 1048576K
}
Event: 9.628 GC heap after
{Heap after GC invocations=7 (full 0):
 garbage-first heap   total 260096K, used 28777K [0x0000000080000000, 0x0000000100000000)
  region size 1024K, 12 young (12288K), 12 survivors (12288K)
 Metaspace       used 43674K, capacity 44764K, committed 44876K, reserved 1087488K
  class space    used 5590K, capacity 5935K, committed 5964K, reserved 1048576K
}
Event: 13.755 GC heap before
{Heap before GC invocations=7 (full 0):
 garbage-first heap   total 260096K, used 165993K [0x0000000080000000, 0x0000000100000000)
  region size 1024K, 142 young (145408K), 12 survivors (12288K)
 Metaspace       used 56766K, capacity 58220K, committed 58444K, reserved 1099776K
  class space    used 7155K, capacity 7669K, committed 7756K, reserved 1048576K
}
Event: 13.780 GC heap after
{Heap after GC invocations=8 (full 0):
 garbage-first heap   total 260096K, used 43795K [0x0000000080000000, 0x0000000100000000)
  region size 1024K, 18 young (18432K), 18 survivors (18432K)
 Metaspace       used 56766K, capacity 58220K, committed 58444K, reserved 1099776K
  class space    used 7155K, capacity 7669K, committed 7756K, reserved 1048576K
}
Event: 14.067 GC heap before
{Heap before GC invocations=8 (full 0):
 garbage-first heap   total 260096K, used 54035K [0x0000000080000000, 0x0000000100000000)
  region size 1024K, 29 young (29696K), 18 survivors (18432K)
 Metaspace       used 58640K, capacity 60161K, committed 60236K, reserved 1101824K
  class space    used 7419K, capacity 7975K, committed 8012K, reserved 1048576K
}
Event: 14.102 GC heap after
{Heap after GC invocations=9 (full 0):
 garbage-first heap   total 260096K, used 45369K [0x0000000080000000, 0x0000000100000000)
  region size 1024K, 3 young (3072K), 3 survivors (3072K)
 Metaspace       used 58640K, capacity 60161K, committed 60236K, reserved 1101824K
  class space    used 7419K, capacity 7975K, committed 8012K, reserved 1048576K
}
Event: 17.715 GC heap before
{Heap before GC invocations=10 (full 0):
 garbage-first heap   total 260096K, used 193849K [0x0000000080000000, 0x0000000100000000)
  region size 1024K, 148 young (151552K), 3 survivors (3072K)
 Metaspace       used 71651K, capacity 73402K, committed 73676K, reserved 1114112K
  class space    used 9276K, capacity 9900K, committed 9932K, reserved 1048576K
}
Event: 17.729 GC heap after
{Heap after GC invocations=11 (full 0):
 garbage-first heap   total 260096K, used 54992K [0x0000000080000000, 0x0000000100000000)
  region size 1024K, 12 young (12288K), 12 survivors (12288K)
 Metaspace       used 71651K, capacity 73402K, committed 73676K, reserved 1114112K
  class space    used 9276K, capacity 9900K, committed 9932K, reserved 1048576K
}
Event: 21.623 GC heap before
{Heap before GC invocations=11 (full 0):
 garbage-first heap   total 260096K, used 193232K [0x0000000080000000, 0x0000000100000000)
  region size 1024K, 148 young (151552K), 12 survivors (12288K)
 Metaspace       used 82336K, capacity 84611K, committed 84812K, reserved 1122304K
  class space    used 10682K, capacity 11512K, committed 11596K, reserved 1048576K
}
Event: 21.643 GC heap after
{Heap after GC invocations=12 (full 0):
 garbage-first heap   total 260096K, used 64960K [0x0000000080000000, 0x0000000100000000)
  region size 1024K, 10 young (10240K), 10 survivors (10240K)
 Metaspace       used 82336K, capacity 84611K, committed 84812K, reserved 1122304K
  class space    used 10682K, capacity 11512K, committed 11596K, reserved 1048576K
}
Event: 26.597 GC heap before
{Heap before GC invocations=12 (full 0):
 garbage-first heap   total 260096K, used 209344K [0x0000000080000000, 0x0000000100000000)
  region size 1024K, 141 young (144384K), 10 survivors (10240K)
 Metaspace       used 84440K, capacity 86651K, committed 86732K, reserved 1124352K
  class space    used 10860K, capacity 11678K, committed 11724K, reserved 1048576K
}
Event: 26.630 GC heap after
{Heap after GC invocations=13 (full 0):
 garbage-first heap   total 260096K, used 87040K [0x0000000080000000, 0x0000000100000000)
  region size 1024K, 18 young (18432K), 18 survivors (18432K)
 Metaspace       used 84440K, capacity 86651K, committed 86732K, reserved 1124352K
  class space    used 10860K, capacity 11678K, committed 11724K, reserved 1048576K
}
Event: 28.101 GC heap before
{Heap before GC invocations=13 (full 0):
 garbage-first heap   total 260096K, used 210944K [0x0000000080000000, 0x0000000100000000)
  region size 1024K, 125 young (128000K), 18 survivors (18432K)
 Metaspace       used 88674K, capacity 90938K, committed 91212K, reserved 1128448K
  class space    used 11199K, capacity 12016K, committed 12108K, reserved 1048576K
}
Event: 28.122 GC heap after
{Heap after GC invocations=14 (full 0):
 garbage-first heap   total 260096K, used 91951K [0x0000000080000000, 0x0000000100000000)
  region size 1024K, 6 young (6144K), 6 survivors (6144K)
 Metaspace       used 88674K, capacity 90938K, committed 91212K, reserved 1128448K
  class space    used 11199K, capacity 12016K, committed 12108K, reserved 1048576K
}
Event: 29.982 GC heap before
{Heap before GC invocations=14 (full 0):
 garbage-first heap   total 260096K, used 200495K [0x0000000080000000, 0x0000000100000000)
  region size 1024K, 113 young (115712K), 6 survivors (6144K)
 Metaspace       used 93447K, capacity 95787K, committed 96076K, reserved 1132544K
  class space    used 11749K, capacity 12578K, committed 12620K, reserved 1048576K
}
Event: 29.991 GC heap after
{Heap after GC invocations=15 (full 0):
 garbage-first heap   total 260096K, used 90629K [0x0000000080000000, 0x0000000100000000)
  region size 1024K, 5 young (5120K), 5 survivors (5120K)
 Metaspace       used 93447K, capacity 95787K, committed 96076K, reserved 1132544K
  class space    used 11749K, capacity 12578K, committed 12620K, reserved 1048576K
}
Event: 32.643 GC heap before
{Heap before GC invocations=15 (full 0):
 garbage-first heap   total 260096K, used 204293K [0x0000000080000000, 0x0000000100000000)
  region size 1024K, 115 young (117760K), 5 survivors (5120K)
 Metaspace       used 95559K, capacity 97972K, committed 98124K, reserved 1134592K
  class space    used 11970K, capacity 12854K, committed 12876K, reserved 1048576K
}
Event: 32.656 GC heap after
{Heap after GC invocations=16 (full 0):
 garbage-first heap   total 260096K, used 91951K [0x0000000080000000, 0x0000000100000000)
  region size 1024K, 6 young (6144K), 6 survivors (6144K)
 Metaspace       used 95559K, capacity 97972K, committed 98124K, reserved 1134592K
  class space    used 11970K, capacity 12854K, committed 12876K, reserved 1048576K
}

